# JRE version: Java(TM) SE Runtime Environment (8.0_111-b14) (build 1.8.0_111-b14)
# Java VM: Java HotSpot(TM) 64-Bit Server VM (25.111-b14 mixed mode windows-amd64 compressed oops)
Heap:
 PSYoungGen      total 66048K, used 63475K [0x00000000d5d00000, 0x00000000dd780000, 0x0000000100000000)
  eden space 60928K, 96% used [0x00000000d5d00000,0x00000000d966bfe0,0x00000000d9880000)
  from space 5120K, 91% used [0x00000000da300000,0x00000000da790f00,0x00000000da800000)
  to   space 10752K, 0% used [0x00000000d9880000,0x00000000d9880000,0x00000000da300000)
 ParOldGen       total 61952K, used 10066K [0x0000000081600000, 0x0000000085280000, 0x00000000d5d00000)
  object space 61952K, 16% used [0x0000000081600000,0x0000000081fd48a8,0x0000000085280000)
 Metaspace       used 24920K, capacity 25250K, committed 25600K, reserved 1071104K
  class space    used 3095K, capacity 3210K, committed 3328K, reserved 1048576K
GC Heap History (10 events):
Event: 2.761 GC heap before
{Heap before GC invocations=3 (full 0):
 PSYoungGen      total 38400K, used 37914K [0x00000000d5d00000, 0x00000000d8780000, 0x0000000100000000)
  eden space 33280K, 100% used [0x00000000d5d00000,0x00000000d7d80000,0x00000000d7d80000)
  from space 5120K, 90% used [0x00000000d8280000,0x00000000d8706868,0x00000000d8780000)
  to   space 5120K, 0% used [0x00000000d7d80000,0x00000000d7d80000,0x00000000d8280000)
 ParOldGen       total 87552K, used 16K [0x0000000081600000, 0x0000000086b80000, 0x00000000d5d00000)
  object space 87552K, 0% used [0x0000000081600000,0x0000000081604000,0x0000000086b80000)
 Metaspace       used 15469K, capacity 15646K, committed 15872K, reserved 1062912K
  class space    used 1911K, capacity 1963K, committed 2048K, reserved 1048576K
Event: 2.772 GC heap after
Heap after GC invocations=3 (full 0):
 PSYoungGen      total 38400K, used 5103K [0x00000000d5d00000, 0x00000000da800000, 0x0000000100000000)
  eden space 33280K, 0% used [0x00000000d5d00000,0x00000000d5d00000,0x00000000d7d80000)
  from space 5120K, 99% used [0x00000000d7d80000,0x00000000d827be68,0x00000000d8280000)
  to   space 5120K, 0% used [0x00000000da300000,0x00000000da300000,0x00000000da800000)
 ParOldGen       total 87552K, used 2838K [0x0000000081600000, 0x0000000086b80000, 0x00000000d5d00000)
  object space 87552K, 3% used [0x0000000081600000,0x00000000818c5828,0x0000000086b80000)
 Metaspace       used 15469K, capacity 15646K, committed 15872K, reserved 1062912K
  class space    used 1911K, capacity 1963K, committed 2048K, reserved 1048576K
}
Event: 3.230 GC heap before
{Heap before GC invocations=4 (full 0):
 PSYoungGen      total 38400K, used 38383K [0x00000000d5d00000, 0x00000000da800000, 0x0000000100000000)
  eden space 33280K, 100% used [0x00000000d5d00000,0x00000000d7d80000,0x00000000d7d80000)
  from space 5120K, 99% used [0x00000000d7d80000,0x00000000d827be68,0x00000000d8280000)
  to   space 5120K, 0% used [0x00000000da300000,0x00000000da300000,0x00000000da800000)
 ParOldGen       total 87552K, used 2838K [0x0000000081600000, 0x0000000086b80000, 0x00000000d5d00000)
  object space 87552K, 3% used [0x0000000081600000,0x00000000818c5828,0x0000000086b80000)
 Metaspace       used 18518K, capacity 18704K, committed 19072K, reserved 1067008K
  class space    used 2341K, capacity 2382K, committed 2432K, reserved 1048576K
Event: 3.242 GC heap after
Heap after GC invocations=4 (full 0):
 PSYoungGen      total 71680K, used 5110K [0x00000000d5d00000, 0x00000000da800000, 0x0000000100000000)
  eden space 66560K, 0% used [0x00000000d5d00000,0x00000000d5d00000,0x00000000d9e00000)
  from space 5120K, 99% used [0x00000000da300000,0x00000000da7fdbe8,0x00000000da800000)
  to   space 5120K, 0% used [0x00000000d9e00000,0x00000000d9e00000,0x00000000da300000)
 ParOldGen       total 87552K, used 7028K [0x0000000081600000, 0x0000000086b80000, 0x00000000d5d00000)
  object space 87552K, 8% used [0x0000000081600000,0x0000000081cdd230,0x0000000086b80000)
 Metaspace       used 18518K, capacity 18704K, committed 19072K, reserved 1067008K
  class space    used 2341K, capacity 2382K, committed 2432K, reserved 1048576K
}
Event: 3.561 GC heap before
{Heap before GC invocations=5 (full 0):
 PSYoungGen      total 71680K, used 23780K [0x00000000d5d00000, 0x00000000da800000, 0x0000000100000000)
  eden space 66560K, 28% used [0x00000000d5d00000,0x00000000d6f3b578,0x00000000d9e00000)
  from space 5120K, 99% used [0x00000000da300000,0x00000000da7fdbe8,0x00000000da800000)
  to   space 5120K, 0% used [0x00000000d9e00000,0x00000000d9e00000,0x00000000da300000)
 ParOldGen       total 87552K, used 7028K [0x0000000081600000, 0x0000000086b80000, 0x00000000d5d00000)
  object space 87552K, 8% used [0x0000000081600000,0x0000000081cdd230,0x0000000086b80000)
 Metaspace       used 20867K, capacity 21096K, committed 21296K, reserved 1069056K
  class space    used 2580K, capacity 2626K, committed 2688K, reserved 1048576K
Event: 3.572 GC heap after
Heap after GC invocations=5 (full 0):
 PSYoungGen      total 71680K, used 5103K [0x00000000d5d00000, 0x00000000da800000, 0x0000000100000000)
  eden space 66560K, 0% used [0x00000000d5d00000,0x00000000d5d00000,0x00000000d9e00000)
  from space 5120K, 99% used [0x00000000d9e00000,0x00000000da2fbd48,0x00000000da300000)
  to   space 5120K, 0% used [0x00000000da300000,0x00000000da300000,0x00000000da800000)
 ParOldGen       total 87552K, used 9854K [0x0000000081600000, 0x0000000086b80000, 0x00000000d5d00000)
  object space 87552K, 11% used [0x0000000081600000,0x0000000081f9fa98,0x0000000086b80000)
 Metaspace       used 20867K, capacity 21096K, committed 21296K, reserved 1069056K
  class space    used 2580K, capacity 2626K, committed 2688K, reserved 1048576K
}
Event: 3.572 GC heap before
{Heap before GC invocations=6 (full 1):
 PSYoungGen      total 71680K, used 5103K [0x00000000d5d00000, 0x00000000da800000, 0x0000000100000000)
  eden space 66560K, 0% used [0x00000000d5d00000,0x00000000d5d00000,0x00000000d9e00000)
  from space 5120K, 99% used [0x00000000d9e00000,0x00000000da2fbd48,0x00000000da300000)
  to   space 5120K, 0% used [0x00000000da300000,0x00000000da300000,0x00000000da800000)
 ParOldGen       total 87552K, used 9854K [0x0000000081600000, 0x0000000086b80000, 0x00000000d5d00000)
  object space 87552K, 11% used [0x0000000081600000,0x0000000081f9fa98,0x0000000086b80000)
 Metaspace       used 20867K, capacity 21096K, committed 21296K, reserved 1069056K
  class space    used 2580K, capacity 2626K, committed 2688K, reserved 1048576K
Event: 3.622 GC heap after
Heap after GC invocations=6 (full 1):
 PSYoungGen      total 71680K, used 0K [0x00000000d5d00000, 0x00000000da800000, 0x0000000100000000)
  eden space 66560K, 0% used [0x00000000d5d00000,0x00000000d5d00000,0x00000000d9e00000)
  from space 5120K, 0% used [0x00000000d9e00000,0x00000000d9e00000,0x00000000da300000)
  to   space 5120K, 0% used [0x00000000da300000,0x00000000da300000,0x00000000da800000)
 ParOldGen       total 61952K, used 10058K [0x0000000081600000, 0x0000000085280000, 0x00000000d5d00000)
  object space 61952K, 16% used [0x0000000081600000,0x0000000081fd28a8,0x0000000085280000)
 Metaspace       used 20867K, capacity 21096K, committed 21296K, reserved 1069056K
  class space    used 2580K, capacity 2626K, committed 2688K, reserved 1048576K
}
Event: 4.773 GC heap before
{Heap before GC invocations=7 (full 1):
 PSYoungGen      total 71680K, used 66560K [0x00000000d5d00000, 0x00000000da800000, 0x0000000100000000)
  eden space 66560K, 100% used [0x00000000d5d00000,0x00000000d9e00000,0x00000000d9e00000)
  from space 5120K, 0% used [0x00000000d9e00000,0x00000000d9e00000,0x00000000da300000)
  to   space 5120K, 0% used [0x00000000da300000,0x00000000da300000,0x00000000da800000)
 ParOldGen       total 61952K, used 10058K [0x0000000081600000, 0x0000000085280000, 0x00000000d5d00000)
  object space 61952K, 16% used [0x0000000081600000,0x0000000081fd28a8,0x0000000085280000)
 Metaspace       used 24590K, capacity 24954K, committed 25216K, reserved 1071104K
  class space    used 3054K, capacity 3175K, committed 3200K, reserved 1048576K
Event: 4.782 GC heap after
Heap after GC invocations=7 (full 1):
 PSYoungGen      total 66048K, used 4675K [0x00000000d5d00000, 0x00000000dd780000, 0x0000000100000000)
  eden space 60928K, 0% used [0x00000000d5d00000,0x00000000d5d00000,0x00000000d9880000)
  from space 5120K, 91% used [0x00000000da300000,0x00000000da790f00,0x00000000da800000)
  to   space 10752K, 0% used [0x00000000d9880000,0x00000000d9880000,0x00000000da300000)
 ParOldGen       total 61952K, used 10066K [0x0000000081600000, 0x0000000085280000, 0x00000000d5d00000)
  object space 61952K, 16% used [0x0000000081600000,0x0000000081fd48a8,0x0000000085280000)
 Metaspace       used 24590K, capacity 24954K, committed 25216K, reserved 1071104K
  class space    used 3054K, capacity 3175K, committed 3200K, reserved 1048576K
}

