# JRE version: Java(TM) SE Runtime Environment (8.0_111-b14) (build 1.8.0_111-b14)
# Java VM: Java HotSpot(TM) 64-Bit Server VM (25.111-b14 mixed mode windows-amd64 compressed oops)
Heap:
 PSYoungGen      total 300032K, used 216285K [0x00000000d5d00000, 0x00000000f1b00000, 0x0000000100000000)
  eden space 280064K, 73% used [0x00000000d5d00000,0x00000000e2521cb8,0x00000000e6e80000)
  from space 19968K, 56% used [0x00000000e6e80000,0x00000000e7995900,0x00000000e8200000)
  to   space 19456K, 0% used [0x00000000f0800000,0x00000000f0800000,0x00000000f1b00000)
 ParOldGen       total 132096K, used 43380K [0x0000000081600000, 0x0000000089700000, 0x00000000d5d00000)
  object space 132096K, 32% used [0x0000000081600000,0x000000008405d3b8,0x0000000089700000)
 Metaspace       used 64498K, capacity 65392K, committed 65536K, reserved 1105920K
  class space    used 8206K, capacity 8391K, committed 8448K, reserved 1048576K
GC Heap History (10 events):
Event: 18.691 GC heap before
{Heap before GC invocations=14 (full 2):
 PSYoungGen      total 239104K, used 234308K [0x00000000d5d00000, 0x00000000e5500000, 0x0000000100000000)
  eden space 225792K, 100% used [0x00000000d5d00000,0x00000000e3980000,0x00000000e3980000)
  from space 13312K, 63% used [0x00000000e3980000,0x00000000e41d11b8,0x00000000e4680000)
  to   space 13824K, 0% used [0x00000000e4680000,0x00000000e4680000,0x00000000e5400000)
 ParOldGen       total 97280K, used 21975K [0x0000000081600000, 0x0000000087500000, 0x00000000d5d00000)
  object space 97280K, 22% used [0x0000000081600000,0x0000000082b75d58,0x0000000087500000)
 Metaspace       used 54294K, capacity 54906K, committed 55296K, reserved 1097728K
  class space    used 6970K, capacity 7145K, committed 7168K, reserved 1048576K
Event: 18.749 GC heap after
Heap after GC invocations=14 (full 2):
 PSYoungGen      total 232448K, used 13816K [0x00000000d5d00000, 0x00000000ea100000, 0x0000000100000000)
  eden space 218624K, 0% used [0x00000000d5d00000,0x00000000d5d00000,0x00000000e3280000)
  from space 13824K, 99% used [0x00000000e4680000,0x00000000e53fe038,0x00000000e5400000)
  to   space 20480K, 0% used [0x00000000e3280000,0x00000000e3280000,0x00000000e4680000)
 ParOldGen       total 97280K, used 37794K [0x0000000081600000, 0x0000000087500000, 0x00000000d5d00000)
  object space 97280K, 38% used [0x0000000081600000,0x0000000083ae8958,0x0000000087500000)
 Metaspace       used 54294K, capacity 54906K, committed 55296K, reserved 1097728K
  class space    used 6970K, capacity 7145K, committed 7168K, reserved 1048576K
}
Event: 21.375 GC heap before
{Heap before GC invocations=15 (full 2):
 PSYoungGen      total 232448K, used 232440K [0x00000000d5d00000, 0x00000000ea100000, 0x0000000100000000)
  eden space 218624K, 100% used [0x00000000d5d00000,0x00000000e3280000,0x00000000e3280000)
  from space 13824K, 99% used [0x00000000e4680000,0x00000000e53fe038,0x00000000e5400000)
  to   space 20480K, 0% used [0x00000000e3280000,0x00000000e3280000,0x00000000e4680000)
 ParOldGen       total 97280K, used 37794K [0x0000000081600000, 0x0000000087500000, 0x00000000d5d00000)
  object space 97280K, 38% used [0x0000000081600000,0x0000000083ae8958,0x0000000087500000)
 Metaspace       used 58072K, capacity 58942K, committed 59136K, reserved 1101824K
  class space    used 7359K, capacity 7567K, committed 7680K, reserved 1048576K
Event: 21.410 GC heap after
Heap after GC invocations=15 (full 2):
 PSYoungGen      total 239104K, used 7166K [0x00000000d5d00000, 0x00000000e9580000, 0x0000000100000000)
  eden space 218624K, 0% used [0x00000000d5d00000,0x00000000d5d00000,0x00000000e3280000)
  from space 20480K, 34% used [0x00000000e3280000,0x00000000e397fa28,0x00000000e4680000)
  to   space 19968K, 0% used [0x00000000e8200000,0x00000000e8200000,0x00000000e9580000)
 ParOldGen       total 97280K, used 50038K [0x0000000081600000, 0x0000000087500000, 0x00000000d5d00000)
  object space 97280K, 51% used [0x0000000081600000,0x00000000846dd870,0x0000000087500000)
 Metaspace       used 58072K, capacity 58942K, committed 59136K, reserved 1101824K
  class space    used 7359K, capacity 7567K, committed 7680K, reserved 1048576K
}
Event: 21.443 GC heap before
{Heap before GC invocations=16 (full 2):
 PSYoungGen      total 239104K, used 17295K [0x00000000d5d00000, 0x00000000e9580000, 0x0000000100000000)
  eden space 218624K, 4% used [0x00000000d5d00000,0x00000000d66e43a0,0x00000000e3280000)
  from space 20480K, 34% used [0x00000000e3280000,0x00000000e397fa28,0x00000000e4680000)
  to   space 19968K, 0% used [0x00000000e8200000,0x00000000e8200000,0x00000000e9580000)
 ParOldGen       total 97280K, used 50038K [0x0000000081600000, 0x0000000087500000, 0x00000000d5d00000)
  object space 97280K, 51% used [0x0000000081600000,0x00000000846dd870,0x0000000087500000)
 Metaspace       used 58161K, capacity 59006K, committed 59136K, reserved 1101824K
  class space    used 7369K, capacity 7567K, committed 7680K, reserved 1048576K
Event: 21.478 GC heap after
Heap after GC invocations=16 (full 2):
 PSYoungGen      total 300032K, used 5510K [0x00000000d5d00000, 0x00000000ecc80000, 0x0000000100000000)
  eden space 280064K, 0% used [0x00000000d5d00000,0x00000000d5d00000,0x00000000e6e80000)
  from space 19968K, 27% used [0x00000000e8200000,0x00000000e8761b18,0x00000000e9580000)
  to   space 19968K, 0% used [0x00000000e6e80000,0x00000000e6e80000,0x00000000e8200000)
 ParOldGen       total 97280K, used 50038K [0x0000000081600000, 0x0000000087500000, 0x00000000d5d00000)
  object space 97280K, 51% used [0x0000000081600000,0x00000000846dd870,0x0000000087500000)
 Metaspace       used 58161K, capacity 59006K, committed 59136K, reserved 1101824K
  class space    used 7369K, capacity 7567K, committed 7680K, reserved 1048576K
}
Event: 21.478 GC heap before
{Heap before GC invocations=17 (full 3):
 PSYoungGen      total 300032K, used 5510K [0x00000000d5d00000, 0x00000000ecc80000, 0x0000000100000000)
  eden space 280064K, 0% used [0x00000000d5d00000,0x00000000d5d00000,0x00000000e6e80000)
  from space 19968K, 27% used [0x00000000e8200000,0x00000000e8761b18,0x00000000e9580000)
  to   space 19968K, 0% used [0x00000000e6e80000,0x00000000e6e80000,0x00000000e8200000)
 ParOldGen       total 97280K, used 50038K [0x0000000081600000, 0x0000000087500000, 0x00000000d5d00000)
  object space 97280K, 51% used [0x0000000081600000,0x00000000846dd870,0x0000000087500000)
 Metaspace       used 58161K, capacity 59006K, committed 59136K, reserved 1101824K
  class space    used 7369K, capacity 7567K, committed 7680K, reserved 1048576K
Event: 21.897 GC heap after
Heap after GC invocations=17 (full 3):
 PSYoungGen      total 300032K, used 0K [0x00000000d5d00000, 0x00000000ecc80000, 0x0000000100000000)
  eden space 280064K, 0% used [0x00000000d5d00000,0x00000000d5d00000,0x00000000e6e80000)
  from space 19968K, 0% used [0x00000000e8200000,0x00000000e8200000,0x00000000e9580000)
  to   space 19968K, 0% used [0x00000000e6e80000,0x00000000e6e80000,0x00000000e8200000)
 ParOldGen       total 132096K, used 43380K [0x0000000081600000, 0x0000000089700000, 0x00000000d5d00000)
  object space 132096K, 32% used [0x0000000081600000,0x000000008405d3b8,0x0000000089700000)
 Metaspace       used 58083K, capacity 58880K, committed 59136K, reserved 1101824K
  class space    used 7357K, capacity 7546K, committed 7680K, reserved 1048576K
}
Event: 25.226 GC heap before
{Heap before GC invocations=18 (full 3):
 PSYoungGen      total 300032K, used 280064K [0x00000000d5d00000, 0x00000000ecc80000, 0x0000000100000000)
  eden space 280064K, 100% used [0x00000000d5d00000,0x00000000e6e80000,0x00000000e6e80000)
  from space 19968K, 0% used [0x00000000e8200000,0x00000000e8200000,0x00000000e9580000)
  to   space 19968K, 0% used [0x00000000e6e80000,0x00000000e6e80000,0x00000000e8200000)
 ParOldGen       total 132096K, used 43380K [0x0000000081600000, 0x0000000089700000, 0x00000000d5d00000)
  object space 132096K, 32% used [0x0000000081600000,0x000000008405d3b8,0x0000000089700000)
 Metaspace       used 62743K, capacity 63660K, committed 63872K, reserved 1105920K
  class space    used 7975K, capacity 8197K, committed 8320K, reserved 1048576K
Event: 25.254 GC heap after
Heap after GC invocations=18 (full 3):
 PSYoungGen      total 300032K, used 11350K [0x00000000d5d00000, 0x00000000f1b00000, 0x0000000100000000)
  eden space 280064K, 0% used [0x00000000d5d00000,0x00000000d5d00000,0x00000000e6e80000)
  from space 19968K, 56% used [0x00000000e6e80000,0x00000000e7995900,0x00000000e8200000)
  to   space 19456K, 0% used [0x00000000f0800000,0x00000000f0800000,0x00000000f1b00000)
 ParOldGen       total 132096K, used 43380K [0x0000000081600000, 0x0000000089700000, 0x00000000d5d00000)
  object space 132096K, 32% used [0x0000000081600000,0x000000008405d3b8,0x0000000089700000)
 Metaspace       used 62743K, capacity 63660K, committed 63872K, reserved 1105920K
  class space    used 7975K, capacity 8197K, committed 8320K, reserved 1048576K
}

